<?xml version="1.0" encoding="UTF-8"?>
<testng-results ignored="0" total="1" passed="1" failed="0" skipped="0">
  <reporter-output>
  </reporter-output>
  <suite started-at="2022-12-04T07:19:53Z" name="Default suite" finished-at="2022-12-04T07:19:59Z" duration-ms="5792">
    <groups>
    </groups>
    <test started-at="2022-12-04T07:19:53Z" name="Default test" finished-at="2022-12-04T07:19:59Z" duration-ms="5792">
      <class name="RestGITHub.CreateRepo">
        <test-method signature="test1()[pri:0, instance:RestGITHub.CreateRepo@5965be2d]" started-at="2022-12-04T07:19:53Z" name="test1" finished-at="2022-12-04T07:19:59Z" duration-ms="5735" status="PASS">
          <reporter-output>
          </reporter-output>
        </test-method> <!-- test1 -->
      </class> <!-- RestGITHub.CreateRepo -->
    </test> <!-- Default test -->
  </suite> <!-- Default suite -->
</testng-results>
